<?xml version="1.0" encoding="UTF-8"?>
<testng-results skipped="0" failed="0" ignored="0" total="5" passed="5">
  <reporter-output>
  </reporter-output>
  <suite name="search-aaca" duration-ms="46436" started-at="2022-12-22T18:12:11Z" finished-at="2022-12-22T18:12:57Z">
    <groups>
    </groups>
    <test name="aaca1" duration-ms="13874" started-at="2022-12-22T18:12:11Z" finished-at="2022-12-22T18:12:25Z">
      <class name="com.searchmodule2.tests.SearchTest2">
        <test-method status="PASS" signature="setupDriver(org.testng.ITestContext)[pri:0, instance:com.searchmodule2.tests.SearchTest2@23223dd8]" name="setupDriver" is-config="true" duration-ms="3497" started-at="2022-12-22T18:12:11Z" finished-at="2022-12-22T18:12:14Z">
          <params>
            <param index="0">
              <value>
                <![CDATA[org.testng.TestRunner@2141a12]]>
              </value>
            </param>
          </params>
          <reporter-output>
          </reporter-output>
        </test-method> <!-- setupDriver -->
        <test-method status="PASS" signature="search2(java.lang.String)[pri:0, instance:com.searchmodule2.tests.SearchTest2@23223dd8]" name="search2" duration-ms="9827" started-at="2022-12-22T18:12:14Z" finished-at="2022-12-22T18:12:24Z">
          <params>
            <param index="0">
              <value>
                <![CDATA[General Discussion]]>
              </value>
            </param>
          </params>
          <reporter-output>
          </reporter-output>
        </test-method> <!-- search2 -->
        <test-method status="PASS" signature="quitDriver()[pri:0, instance:com.searchmodule2.tests.SearchTest2@23223dd8]" name="quitDriver" is-config="true" duration-ms="540" started-at="2022-12-22T18:12:24Z" finished-at="2022-12-22T18:12:25Z">
          <reporter-output>
          </reporter-output>
        </test-method> <!-- quitDriver -->
      </class> <!-- com.searchmodule2.tests.SearchTest2 -->
    </test> <!-- aaca1 -->
    <test name="search-test-qa" duration-ms="8079" started-at="2022-12-22T18:12:25Z" finished-at="2022-12-22T18:12:33Z">
      <class name="com.searchmodule2.tests.SearchTest2">
        <test-method status="PASS" signature="setupDriver(org.testng.ITestContext)[pri:0, instance:com.searchmodule2.tests.SearchTest2@2d209079]" name="setupDriver" is-config="true" duration-ms="1729" started-at="2022-12-22T18:12:25Z" finished-at="2022-12-22T18:12:27Z">
          <params>
            <param index="0">
              <value>
                <![CDATA[org.testng.TestRunner@4196c360]]>
              </value>
            </param>
          </params>
          <reporter-output>
          </reporter-output>
        </test-method> <!-- setupDriver -->
        <test-method status="PASS" signature="search2(java.lang.String)[pri:0, instance:com.searchmodule2.tests.SearchTest2@2d209079]" name="search2" duration-ms="5832" started-at="2022-12-22T18:12:27Z" finished-at="2022-12-22T18:12:32Z">
          <params>
            <param index="0">
              <value>
                <![CDATA[Museums]]>
              </value>
            </param>
          </params>
          <reporter-output>
          </reporter-output>
        </test-method> <!-- search2 -->
        <test-method status="PASS" signature="quitDriver()[pri:0, instance:com.searchmodule2.tests.SearchTest2@2d209079]" name="quitDriver" is-config="true" duration-ms="517" started-at="2022-12-22T18:12:32Z" finished-at="2022-12-22T18:12:33Z">
          <reporter-output>
          </reporter-output>
        </test-method> <!-- quitDriver -->
      </class> <!-- com.searchmodule2.tests.SearchTest2 -->
    </test> <!-- search-test-qa -->
    <test name="search-test-webdriver" duration-ms="7001" started-at="2022-12-22T18:12:33Z" finished-at="2022-12-22T18:12:40Z">
      <class name="com.searchmodule2.tests.SearchTest2">
        <test-method status="PASS" signature="setupDriver(org.testng.ITestContext)[pri:0, instance:com.searchmodule2.tests.SearchTest2@7c75222b]" name="setupDriver" is-config="true" duration-ms="1574" started-at="2022-12-22T18:12:33Z" finished-at="2022-12-22T18:12:34Z">
          <params>
            <param index="0">
              <value>
                <![CDATA[org.testng.TestRunner@41294f8]]>
              </value>
            </param>
          </params>
          <reporter-output>
          </reporter-output>
        </test-method> <!-- setupDriver -->
        <test-method status="PASS" signature="search2(java.lang.String)[pri:0, instance:com.searchmodule2.tests.SearchTest2@7c75222b]" name="search2" duration-ms="4906" started-at="2022-12-22T18:12:34Z" finished-at="2022-12-22T18:12:39Z">
          <params>
            <param index="0">
              <value>
                <![CDATA[Franklin]]>
              </value>
            </param>
          </params>
          <reporter-output>
          </reporter-output>
        </test-method> <!-- search2 -->
        <test-method status="PASS" signature="quitDriver()[pri:0, instance:com.searchmodule2.tests.SearchTest2@7c75222b]" name="quitDriver" is-config="true" duration-ms="521" started-at="2022-12-22T18:12:39Z" finished-at="2022-12-22T18:12:40Z">
          <reporter-output>
          </reporter-output>
        </test-method> <!-- quitDriver -->
      </class> <!-- com.searchmodule2.tests.SearchTest2 -->
    </test> <!-- search-test-webdriver -->
    <test name="search-test-docker" duration-ms="7155" started-at="2022-12-22T18:12:40Z" finished-at="2022-12-22T18:12:47Z">
      <class name="com.searchmodule2.tests.SearchTest2">
        <test-method status="PASS" signature="setupDriver(org.testng.ITestContext)[pri:0, instance:com.searchmodule2.tests.SearchTest2@7c30a502]" name="setupDriver" is-config="true" duration-ms="1750" started-at="2022-12-22T18:12:40Z" finished-at="2022-12-22T18:12:42Z">
          <params>
            <param index="0">
              <value>
                <![CDATA[org.testng.TestRunner@225129c]]>
              </value>
            </param>
          </params>
          <reporter-output>
          </reporter-output>
        </test-method> <!-- setupDriver -->
        <test-method status="PASS" signature="search2(java.lang.String)[pri:0, instance:com.searchmodule2.tests.SearchTest2@7c30a502]" name="search2" duration-ms="4891" started-at="2022-12-22T18:12:42Z" finished-at="2022-12-22T18:12:47Z">
          <params>
            <param index="0">
              <value>
                <![CDATA[Durant]]>
              </value>
            </param>
          </params>
          <reporter-output>
          </reporter-output>
        </test-method> <!-- search2 -->
        <test-method status="PASS" signature="quitDriver()[pri:0, instance:com.searchmodule2.tests.SearchTest2@7c30a502]" name="quitDriver" is-config="true" duration-ms="513" started-at="2022-12-22T18:12:47Z" finished-at="2022-12-22T18:12:47Z">
          <reporter-output>
          </reporter-output>
        </test-method> <!-- quitDriver -->
      </class> <!-- com.searchmodule2.tests.SearchTest2 -->
    </test> <!-- search-test-docker -->
    <test name="search-test-kubernetes" duration-ms="10237" started-at="2022-12-22T18:12:47Z" finished-at="2022-12-22T18:12:57Z">
      <class name="com.searchmodule2.tests.SearchTest2">
        <test-method status="PASS" signature="setupDriver(org.testng.ITestContext)[pri:0, instance:com.searchmodule2.tests.SearchTest2@6a5fc7f7]" name="setupDriver" is-config="true" duration-ms="1741" started-at="2022-12-22T18:12:47Z" finished-at="2022-12-22T18:12:49Z">
          <params>
            <param index="0">
              <value>
                <![CDATA[org.testng.TestRunner@20435c40]]>
              </value>
            </param>
          </params>
          <reporter-output>
          </reporter-output>
        </test-method> <!-- setupDriver -->
        <test-method status="PASS" signature="search2(java.lang.String)[pri:0, instance:com.searchmodule2.tests.SearchTest2@6a5fc7f7]" name="search2" duration-ms="7959" started-at="2022-12-22T18:12:49Z" finished-at="2022-12-22T18:12:57Z">
          <params>
            <param index="0">
              <value>
                <![CDATA[Marmon]]>
              </value>
            </param>
          </params>
          <reporter-output>
          </reporter-output>
        </test-method> <!-- search2 -->
        <test-method status="PASS" signature="quitDriver()[pri:0, instance:com.searchmodule2.tests.SearchTest2@6a5fc7f7]" name="quitDriver" is-config="true" duration-ms="534" started-at="2022-12-22T18:12:57Z" finished-at="2022-12-22T18:12:57Z">
          <reporter-output>
          </reporter-output>
        </test-method> <!-- quitDriver -->
      </class> <!-- com.searchmodule2.tests.SearchTest2 -->
    </test> <!-- search-test-kubernetes -->
  </suite> <!-- search-aaca -->
</testng-results>
